<?xml version="1.0" encoding="UTF-8"?>
<testsuite xmlns:xsi="http://www.w3.org/2001/XMLSchema-instance" xsi:noNamespaceSchemaLocation="https://maven.apache.org/surefire/maven-surefire-plugin/xsd/surefire-test-report.xsd" name="com.example.logfile.parser.service.LogFileParserServiceTest" time="0.041" tests="3" errors="0" skipped="0" failures="0">
  <properties>
[...]
</properties>
  <testcase name="testLogParserServiceSuccessScenario" classname="com.example.logfile.parser.service.LogFileParserServiceTest" time="0.031"/>
  <testcase name="testLogParserServiceFileNotFoundException" classname="com.example.logfile.parser.service.LogFileParserServiceTest" time="0.002"/>
  <testcase name="testLogParserServiceFileNotFound" classname="com.example.logfile.parser.service.LogFileParserServiceTest" time="0.006"/>
</testsuite>